[debug] [2018-09-23T22:52:29.917Z] ----------------------------------------------------------------------
[debug] [2018-09-23T22:52:29.919Z] Command:       C:\Program Files\nodejs\node.exe C:\Users\metho\AppData\Roaming\npm\node_modules\firebase-tools\bin\firebase deploy --only functions
[debug] [2018-09-23T22:52:29.919Z] CLI Version:   4.2.1
[debug] [2018-09-23T22:52:29.919Z] Platform:      win32
[debug] [2018-09-23T22:52:29.919Z] Node Version:  v8.11.4
[debug] [2018-09-23T22:52:29.920Z] Time:          Sun Sep 23 2018 15:52:29 GMT-0700 (Pacific Daylight Time)
[debug] [2018-09-23T22:52:29.920Z] ----------------------------------------------------------------------
[debug] 
[debug] [2018-09-23T22:52:29.933Z] > command requires scopes: ["email","openid","https://www.googleapis.com/auth/cloudplatformprojects.readonly","https://www.googleapis.com/auth/firebase","https://www.googleapis.com/auth/cloud-platform"]
[debug] [2018-09-23T22:52:29.933Z] > authorizing via signed-in user
[debug] [2018-09-23T22:52:29.936Z] >>> HTTP REQUEST GET https://admin.firebase.com/v1/projects/butter-webhook-demo  
 
[debug] [2018-09-23T22:52:30.393Z] <<< HTTP RESPONSE 200
[info] 
[info] === Deploying to 'butter-webhook-demo'...
[info] 
[info] i  deploying functions
[info] Running command: npm --prefix %RESOURCE_DIR% run build
[info] +  functions: Finished running predeploy script.
[debug] [2018-09-23T22:52:38.121Z] > [functions] package.json contents: {
  "name": "functions",
  "scripts": {
    "build": "tsc",
    "serve": "npm run build && firebase serve --only functions",
    "shell": "npm run build && firebase functions:shell",
    "start": "npm run shell",
    "deploy": "firebase deploy --only functions",
    "logs": "firebase functions:log"
  },
  "main": "lib/index.js",
  "dependencies": {
    "buttercms": "^1.1.1",
    "firebase-admin": "~6.0.0",
    "firebase-functions": "^2.0.3"
  },
  "devDependencies": {
    "typescript": "~2.8.3"
  },
  "private": true
}
[info] i  functions: ensuring necessary APIs are enabled...
[debug] [2018-09-23T22:52:38.123Z] >>> HTTP REQUEST GET https://servicemanagement.googleapis.com/v1/services/cloudfunctions.googleapis.com/projectSettings/butter-webhook-demo?view=CONSUMER_VIEW  
 
[debug] [2018-09-23T22:52:38.123Z] >>> HTTP REQUEST GET https://servicemanagement.googleapis.com/v1/services/runtimeconfig.googleapis.com/projectSettings/butter-webhook-demo?view=CONSUMER_VIEW  
 
[debug] [2018-09-23T22:52:38.964Z] <<< HTTP RESPONSE 200
[debug] [2018-09-23T22:52:39.000Z] <<< HTTP RESPONSE 200
[info] +  functions: all necessary APIs are enabled
[debug] [2018-09-23T22:52:39.002Z] >>> HTTP REQUEST GET https://cloudresourcemanager.googleapis.com/v1/projects/butter-webhook-demo  
 
[debug] [2018-09-23T22:52:39.348Z] <<< HTTP RESPONSE 200
[debug] [2018-09-23T22:52:39.349Z] >>> HTTP REQUEST GET https://mobilesdk-pa.googleapis.com/v1/projects/407718121253:getServerAppConfig  
 
[debug] [2018-09-23T22:52:39.538Z] <<< HTTP RESPONSE 200
[info] i  functions: preparing functions directory for uploading...
[debug] [2018-09-23T22:52:39.545Z] >>> HTTP REQUEST GET https://runtimeconfig.googleapis.com/v1beta1/projects/butter-webhook-demo/configs  
 
[debug] [2018-09-23T22:52:39.905Z] <<< HTTP RESPONSE 200
[info] i  functions: packaged functions (43.83 KB) for uploading
[debug] [2018-09-23T22:52:40.379Z] >>> HTTP REQUEST POST https://cloudfunctions.googleapis.com/v1/projects/butter-webhook-demo/locations/us-central1/functions:generateUploadUrl  
 
